<?xml version="1.0" encoding="UTF-8"?>
<testng-results skipped="0" failed="0" ignored="0" total="2" passed="2">
  <reporter-output>
  </reporter-output>
  <suite name="Suite" duration-ms="91945" started-at="2022-03-22T17:50:10 IST" finished-at="2022-03-22T17:51:42 IST">
    <groups>
    </groups>
    <test name="Test" duration-ms="91945" started-at="2022-03-22T17:50:10 IST" finished-at="2022-03-22T17:51:42 IST">
      <class name="mouni.TFP">
        <test-method status="PASS" signature="init()[pri:0, instance:mouni.TFP@5e57643e]" name="init" is-config="true" duration-ms="60947" started-at="2022-03-22T17:50:10 IST" finished-at="2022-03-22T17:51:11 IST">
          <reporter-output>
          </reporter-output>
        </test-method> <!-- init -->
        <test-method status="PASS" signature="login()[pri:0, instance:mouni.TFP@5e57643e]" name="login" duration-ms="21185" started-at="2022-03-22T17:51:11 IST" finished-at="2022-03-22T17:51:32 IST">
          <reporter-output>
          </reporter-output>
        </test-method> <!-- login -->
        <test-method status="PASS" signature="logout()[pri:0, instance:mouni.TFP@5e57643e]" name="logout" duration-ms="5242" started-at="2022-03-22T17:51:32 IST" finished-at="2022-03-22T17:51:37 IST">
          <reporter-output>
          </reporter-output>
        </test-method> <!-- logout -->
        <test-method status="PASS" signature="quit()[pri:0, instance:mouni.TFP@5e57643e]" name="quit" is-config="true" duration-ms="4132" started-at="2022-03-22T17:51:37 IST" finished-at="2022-03-22T17:51:42 IST">
          <reporter-output>
          </reporter-output>
        </test-method> <!-- quit -->
      </class> <!-- mouni.TFP -->
    </test> <!-- Test -->
  </suite> <!-- Suite -->
</testng-results>
